<?xml version="1.0" encoding="UTF-8"?>
<testsuite xmlns:xsi="http://www.w3.org/2001/XMLSchema-instance" xsi:noNamespaceSchemaLocation="https://maven.apache.org/surefire/maven-surefire-plugin/xsd/surefire-test-report-3.0.xsd" version="3.0" name="testRunner.runner" time="348.796" tests="10" errors="0" skipped="0" failures="1">
  <properties>
[...]
</properties>
  <testcase name="runScenario[&quot;User register with valid data&quot;, &quot;User should be able to register to the system&quot;](1)" classname="testRunner.runner" time="23.549">
    <system-err><![CDATA[SLF4J: Failed to load class "org.slf4j.impl.StaticLoggerBinder".
SLF4J: Defaulting to no-operation (NOP) logger implementation
SLF4J: See http://www.slf4j.org/codes.html#StaticLoggerBinder for further details.
Starting ChromeDriver 101.0.4951.41 (93c720db8323b3ec10d056025ab95c23a31997c9-refs/branch-heads/4951@{#904}) on port 55674
Only local connections are allowed.
Please see https://chromedriver.chromium.org/security-considerations for suggestions on keeping ChromeDriver safe.
ChromeDriver was started successfully.
May 24, 2022 10:31:11 PM org.openqa.selenium.remote.ProtocolHandshake createSession
INFO: Detected dialect: W3C
May 24, 2022 10:31:12 PM org.openqa.selenium.devtools.CdpVersionFinder findNearestMatch
INFO: Found exact CDP implementation for version 101
]]></system-err>
  </testcase>
  <testcase name="runScenario[&quot;user Login with valid data&quot;, &quot;User should be able to Login to the system&quot;](2)" classname="testRunner.runner" time="53.84">
    <system-err><![CDATA[Starting ChromeDriver 101.0.4951.41 (93c720db8323b3ec10d056025ab95c23a31997c9-refs/branch-heads/4951@{#904}) on port 57921
Only local connections are allowed.
Please see https://chromedriver.chromium.org/security-considerations for suggestions on keeping ChromeDriver safe.
ChromeDriver was started successfully.
May 24, 2022 10:31:35 PM org.openqa.selenium.remote.ProtocolHandshake createSession
INFO: Detected dialect: W3C
May 24, 2022 10:31:35 PM org.openqa.selenium.devtools.CdpVersionFinder findNearestMatch
INFO: Found exact CDP implementation for version 101
]]></system-err>
  </testcase>
  <testcase name="runScenario[&quot;user switch currencies successfully&quot;, &quot;User can switch between Currencies&quot;](3)" classname="testRunner.runner" time="19.245">
    <system-err><![CDATA[Starting ChromeDriver 101.0.4951.41 (93c720db8323b3ec10d056025ab95c23a31997c9-refs/branch-heads/4951@{#904}) on port 53256
Only local connections are allowed.
Please see https://chromedriver.chromium.org/security-considerations for suggestions on keeping ChromeDriver safe.
ChromeDriver was started successfully.
May 24, 2022 10:32:26 PM org.openqa.selenium.remote.ProtocolHandshake createSession
INFO: Detected dialect: W3C
May 24, 2022 10:32:26 PM org.openqa.selenium.devtools.CdpVersionFinder findNearestMatch
INFO: Found exact CDP implementation for version 101
]]></system-err>
  </testcase>
  <testcase name="runScenario[&quot;user Search for product successfully&quot;, &quot;User can Search for product&quot;](4)" classname="testRunner.runner" time="16.901">
    <system-err><![CDATA[Starting ChromeDriver 101.0.4951.41 (93c720db8323b3ec10d056025ab95c23a31997c9-refs/branch-heads/4951@{#904}) on port 51081
Only local connections are allowed.
Please see https://chromedriver.chromium.org/security-considerations for suggestions on keeping ChromeDriver safe.
ChromeDriver was started successfully.
May 24, 2022 10:32:45 PM org.openqa.selenium.remote.ProtocolHandshake createSession
INFO: Detected dialect: W3C
May 24, 2022 10:32:45 PM org.openqa.selenium.devtools.CdpVersionFinder findNearestMatch
INFO: Found exact CDP implementation for version 101
]]></system-err>
  </testcase>
  <testcase name="runScenario[&quot;user hover on Subcategory successfully&quot;, &quot;User can hover on Subcategory&quot;](5)" classname="testRunner.runner" time="19.823">
    <system-out><![CDATA[7
]]></system-out>
    <system-err><![CDATA[Starting ChromeDriver 101.0.4951.41 (93c720db8323b3ec10d056025ab95c23a31997c9-refs/branch-heads/4951@{#904}) on port 64375
Only local connections are allowed.
Please see https://chromedriver.chromium.org/security-considerations for suggestions on keeping ChromeDriver safe.
ChromeDriver was started successfully.
May 24, 2022 10:33:02 PM org.openqa.selenium.remote.ProtocolHandshake createSession
INFO: Detected dialect: W3C
May 24, 2022 10:33:02 PM org.openqa.selenium.devtools.CdpVersionFinder findNearestMatch
INFO: Found exact CDP implementation for version 101
]]></system-err>
  </testcase>
  <testcase name="runScenario[&quot;user opens facebook link&quot;, &quot;User can Follow the website pages on social media&quot;](8)" classname="testRunner.runner" time="45.392">
    <system-err><![CDATA[Starting ChromeDriver 101.0.4951.41 (93c720db8323b3ec10d056025ab95c23a31997c9-refs/branch-heads/4951@{#904}) on port 59939
Only local connections are allowed.
Please see https://chromedriver.chromium.org/security-considerations for suggestions on keeping ChromeDriver safe.
ChromeDriver was started successfully.
May 24, 2022 10:33:22 PM org.openqa.selenium.remote.ProtocolHandshake createSession
INFO: Detected dialect: W3C
May 24, 2022 10:33:22 PM org.openqa.selenium.devtools.CdpVersionFinder findNearestMatch
INFO: Found exact CDP implementation for version 101
Starting ChromeDriver 101.0.4951.41 (93c720db8323b3ec10d056025ab95c23a31997c9-refs/branch-heads/4951@{#904}) on port 62211
Only local connections are allowed.
Please see https://chromedriver.chromium.org/security-considerations for suggestions on keeping ChromeDriver safe.
ChromeDriver was started successfully.
May 24, 2022 10:33:38 PM org.openqa.selenium.remote.ProtocolHandshake createSession
INFO: Detected dialect: W3C
May 24, 2022 10:33:38 PM org.openqa.selenium.devtools.CdpVersionFinder findNearestMatch
INFO: Found exact CDP implementation for version 101
Starting ChromeDriver 101.0.4951.41 (93c720db8323b3ec10d056025ab95c23a31997c9-refs/branch-heads/4951@{#904}) on port 58932
Only local connections are allowed.
Please see https://chromedriver.chromium.org/security-considerations for suggestions on keeping ChromeDriver safe.
ChromeDriver was started successfully.
May 24, 2022 10:33:54 PM org.openqa.selenium.remote.ProtocolHandshake createSession
INFO: Detected dialect: W3C
May 24, 2022 10:33:54 PM org.openqa.selenium.devtools.CdpVersionFinder findNearestMatch
INFO: Found exact CDP implementation for version 101
]]></system-err>
  </testcase>
  <testcase name="runScenario[&quot;user opens twitter link&quot;, &quot;User can Follow the website pages on social media&quot;](9)" classname="testRunner.runner" time="11.968">
    <system-err><![CDATA[Starting ChromeDriver 101.0.4951.41 (93c720db8323b3ec10d056025ab95c23a31997c9-refs/branch-heads/4951@{#904}) on port 58421
Only local connections are allowed.
Please see https://chromedriver.chromium.org/security-considerations for suggestions on keeping ChromeDriver safe.
ChromeDriver was started successfully.
May 24, 2022 10:34:40 PM org.openqa.selenium.remote.ProtocolHandshake createSession
INFO: Detected dialect: W3C
May 24, 2022 10:34:40 PM org.openqa.selenium.devtools.CdpVersionFinder findNearestMatch
INFO: Found exact CDP implementation for version 101
]]></system-err>
  </testcase>
  <testcase name="runScenario[&quot;user opens rss link&quot;, &quot;User can Follow the website pages on social media&quot;](10)" classname="testRunner.runner" time="13.359">
    <failure message="Index 1 out of bounds for length 1" type="java.lang.IndexOutOfBoundsException"><![CDATA[java.lang.IndexOutOfBoundsException: Index 1 out of bounds for length 1
	at java.base/jdk.internal.util.Preconditions.outOfBounds(Preconditions.java:64)
	at java.base/jdk.internal.util.Preconditions.outOfBoundsCheckIndex(Preconditions.java:70)
	at java.base/jdk.internal.util.Preconditions.checkIndex(Preconditions.java:266)
	at java.base/java.util.Objects.checkIndex(Objects.java:359)
	at java.base/java.util.ArrayList.get(ArrayList.java:427)
	at stepDefinition.D07_followUsStepDef.Rss(D07_followUsStepDef.java:33)
	at ✽.User click on rss link(file:///D:/Automation/E-commerceAppAutomationTesting/src/main/resources/features/F07_followUs.feature:13)
]]></failure>
    <system-out><![CDATA[
@smoke
Scenario: User register with valid data                                                     &amp#27;[90m# src/main/resources/features/F01_Register.feature:5&amp#27;[0m
  &amp#27;[32mWhen &amp#27;[0m&amp#27;[32muser Enter valid data and click on register button&amp#27;[0m                                   &amp#27;[90m# stepDefinition.D01_registerStepDef.UserCanRegister()&amp#27;[0m
  &amp#27;[32mThen &amp#27;[0m&amp#27;[32msystem redirects to registration confirmation page and  display success notification&amp#27;[0m &amp#27;[90m# stepDefinition.D01_registerStepDef.ValidateConfirmationPage()&amp#27;[0m

@smoke
Scenario: user Login with valid data                                &amp#27;[90m# src/main/resources/features/F02_login.feature:5&amp#27;[0m
  &amp#27;[32mWhen &amp#27;[0m&amp#27;[32muser Enter valid data in "&amp#27;[0m&amp#27;[32m&amp#27;[1mamany.atef@gamil.com&amp#27;[0m&amp#27;[32m" and "&amp#27;[0m&amp#27;[32m&amp#27;[1m123456&amp#27;[0m&amp#27;[32m"&amp#27;[0m &amp#27;[90m# stepDefinition.D02_loginStepDef.UserCanLogin(java.lang.String,java.lang.String)&amp#27;[0m
  &amp#27;[32mThen &amp#27;[0m&amp#27;[32msystem redirects to Home page and system display Account tab&amp#27;[0m &amp#27;[90m# stepDefinition.D02_loginStepDef.SuccessAssertion()&amp#27;[0m

@smoke
Scenario: user switch currencies successfully                        &amp#27;[90m# src/main/resources/features/F03_currencies.feature:6&amp#27;[0m
  &amp#27;[32mGiven &amp#27;[0m&amp#27;[32muser Enter valid data in "&amp#27;[0m&amp#27;[32m&amp#27;[1mamany.atef@gamil.com&amp#27;[0m&amp#27;[32m" and "&amp#27;[0m&amp#27;[32m&amp#27;[1m123456&amp#27;[0m&amp#27;[32m"&amp#27;[0m &amp#27;[90m# stepDefinition.D02_loginStepDef.UserCanLogin(java.lang.String,java.lang.String)&amp#27;[0m
  &amp#27;[32mWhen &amp#27;[0m&amp#27;[32mSelect currency&amp#27;[0m                                               &amp#27;[90m# stepDefinition.D03_currenciesStepDef.UserSelectCurrency()&amp#27;[0m

@smoke
Scenario: user Search for product successfully &amp#27;[90m# src/main/resources/features/F04_Search.feature:4&amp#27;[0m
  &amp#27;[32mWhen &amp#27;[0m&amp#27;[32mSearch&amp#27;[0m                                  &amp#27;[90m# stepDefinition.D04_searchStepDef.UserSearchProduct()&amp#27;[0m
  &amp#27;[32mThen &amp#27;[0m&amp#27;[32msystem redirects to search result page&amp#27;[0m  &amp#27;[90m# stepDefinition.D04_searchStepDef.RedirectToSearchResult()&amp#27;[0m

@smoke
Scenario: user hover on Subcategory successfully &amp#27;[90m# src/main/resources/features/F05_hoverCategories.feature:4&amp#27;[0m
  &amp#27;[32mGiven &amp#27;[0m&amp#27;[32mSelect computer category&amp#27;[0m                 &amp#27;[90m# stepDefinition.D05_hoverCategoriesStepDef.SelectCategory()&amp#27;[0m
  &amp#27;[32mWhen &amp#27;[0m&amp#27;[32mhover on sub category&amp#27;[0m                     &amp#27;[90m# stepDefinition.D05_hoverCategoriesStepDef.HoverSubCategory()&amp#27;[0m

@smoke
Scenario: user can see product1 details through the Slider &amp#27;[90m# src/main/resources/features/F06_homeSliders.feature:4&amp#27;[0m
  &amp#27;[32mWhen &amp#27;[0m&amp#27;[32mClick on  Slider First picture&amp#27;[0m                      &amp#27;[90m# stepDefinition.D06_homeSlidersStepDef.Click_Slider_First_Product()&amp#27;[0m
  &amp#27;[31mThen &amp#27;[0m&amp#27;[31mSystem redirects to product-Nokia details page&amp#27;[0m      &amp#27;[90m# stepDefinition.D06_homeSlidersStepDef.Details_First_Product_Opened()&amp#27;[0m
      &amp#27;[31morg.openqa.selenium.TimeoutException: Expected condition failed: waiting for url to contain "https://demo.nopcommerce.com/nokia-lumia-1020". Current url: "https://demo.nopcommerce.com/" (tried for 5 second(s) with 500 milliseconds interval)
Build info: version: '4.1.4', revision: '535d840ee2'
System info: host: 'AMANY-ATEF', ip: '192.168.1.122', os.name: 'Windows 10', os.arch: 'amd64', os.version: '10.0', java.version: '16'
Driver info: org.openqa.selenium.chrome.ChromeDriver
Capabilities {acceptInsecureCerts: false, browserName: chrome, browserVersion: 101.0.4951.67, chrome: {chromedriverVersion: 101.0.4951.41 (93c720db8323..., userDataDir: C:\Users\AMANY~1.ATE\AppDat...}, goog:chromeOptions: {debuggerAddress: localhost:61984}, javascriptEnabled: true, networkConnectionEnabled: false, pageLoadStrategy: normal, platform: WINDOWS, platformName: WINDOWS, proxy: Proxy(), se:cdp: ws://localhost:61984/devtoo..., se:cdpVersion: 101.0.4951.67, setWindowRect: true, strictFileInteractability: false, timeouts: {implicit: 0, pageLoad: 300000, script: 30000}, unhandledPromptBehavior: dismiss and notify, webauthn:extension:credBlob: true, webauthn:extension:largeBlob: true, webauthn:virtualAuthenticators: true}
Session ID: 5b36abc4fa22e22108f2c30a3d623981
	at org.openqa.selenium.support.ui.WebDriverWait.timeoutException(WebDriverWait.java:87)
	at org.openqa.selenium.support.ui.FluentWait.until(FluentWait.java:231)
	at stepDefinition.D06_homeSlidersStepDef.Details_First_Product_Opened(D06_homeSlidersStepDef.java:22)
	at âœ½.System redirects to product-Nokia details page(file:///D:/Automation/E-commerceAppAutomationTesting/src/main/resources/features/F06_homeSliders.feature:6)
&amp#27;[0m

@smoke
Scenario: user can see product2 details through the Slider &amp#27;[90m# src/main/resources/features/F06_homeSliders.feature:8&amp#27;[0m
  &amp#27;[32mWhen &amp#27;[0m&amp#27;[32mClick on sub Slider Second picture&amp#27;[0m                  &amp#27;[90m# stepDefinition.D06_homeSlidersStepDef.Click_Slider_Second_Product()&amp#27;[0m
  &amp#27;[31mThen &amp#27;[0m&amp#27;[31mSystem redirects to product-Iphone details page&amp#27;[0m     &amp#27;[90m# stepDefinition.D06_homeSlidersStepDef.Details_Second_Product_Opened()&amp#27;[0m
      &amp#27;[31morg.openqa.selenium.TimeoutException: Expected condition failed: waiting for url to contain "https://demo.nopcommerce.com/iphone-6". Current url: "https://demo.nopcommerce.com/" (tried for 5 second(s) with 500 milliseconds interval)
Build info: version: '4.1.4', revision: '535d840ee2'
System info: host: 'AMANY-ATEF', ip: '192.168.1.122', os.name: 'Windows 10', os.arch: 'amd64', os.version: '10.0', java.version: '16'
Driver info: org.openqa.selenium.chrome.ChromeDriver
Capabilities {acceptInsecureCerts: false, browserName: chrome, browserVersion: 101.0.4951.67, chrome: {chromedriverVersion: 101.0.4951.41 (93c720db8323..., userDataDir: C:\Users\AMANY~1.ATE\AppDat...}, goog:chromeOptions: {debuggerAddress: localhost:62021}, javascriptEnabled: true, networkConnectionEnabled: false, pageLoadStrategy: normal, platform: WINDOWS, platformName: WINDOWS, proxy: Proxy(), se:cdp: ws://localhost:62021/devtoo..., se:cdpVersion: 101.0.4951.67, setWindowRect: true, strictFileInteractability: false, timeouts: {implicit: 0, pageLoad: 300000, script: 30000}, unhandledPromptBehavior: dismiss and notify, webauthn:extension:credBlob: true, webauthn:extension:largeBlob: true, webauthn:virtualAuthenticators: true}
Session ID: 04857cc3d5e7abe6b830ffb48374f474
	at org.openqa.selenium.support.ui.WebDriverWait.timeoutException(WebDriverWait.java:87)
	at org.openqa.selenium.support.ui.FluentWait.until(FluentWait.java:231)
	at stepDefinition.D06_homeSlidersStepDef.Details_Second_Product_Opened(D06_homeSlidersStepDef.java:33)
	at âœ½.System redirects to product-Iphone details page(file:///D:/Automation/E-commerceAppAutomationTesting/src/main/resources/features/F06_homeSliders.feature:10)
&amp#27;[0m

@smoke
Scenario: user opens facebook link     &amp#27;[90m# src/main/resources/features/F07_followUs.feature:4&amp#27;[0m
  &amp#27;[32mWhen &amp#27;[0m&amp#27;[32mUser click on facebook link&amp#27;[0m     &amp#27;[90m# stepDefinition.D07_followUsStepDef.FB()&amp#27;[0m
  &amp#27;[32mThen &amp#27;[0m&amp#27;[32m"&amp#27;[0m&amp#27;[32m&amp#27;[1mfacebook&amp#27;[0m&amp#27;[32m" is opened in new tab&amp#27;[0m &amp#27;[90m# stepDefinition.D07_followUsStepDef.Validate_Open_Social_Tab(java.lang.String)&amp#27;[0m

@smoke
Scenario: user opens twitter link     &amp#27;[90m# src/main/resources/features/F07_followUs.feature:8&amp#27;[0m
  &amp#27;[32mWhen &amp#27;[0m&amp#27;[32mUser click on twitter link&amp#27;[0m     &amp#27;[90m# stepDefinition.D07_followUsStepDef.twitter()&amp#27;[0m
  &amp#27;[32mThen &amp#27;[0m&amp#27;[32m"&amp#27;[0m&amp#27;[32m&amp#27;[1mtwitter&amp#27;[0m&amp#27;[32m" is opened in new tab&amp#27;[0m &amp#27;[90m# stepDefinition.D07_followUsStepDef.Validate_Open_Social_Tab(java.lang.String)&amp#27;[0m

@smoke
Scenario: user opens rss link     &amp#27;[90m# src/main/resources/features/F07_followUs.feature:12&amp#27;[0m
  &amp#27;[31mWhen &amp#27;[0m&amp#27;[31mUser click on rss link&amp#27;[0m     &amp#27;[90m# stepDefinition.D07_followUsStepDef.Rss()&amp#27;[0m
      &amp#27;[31mjava.lang.IndexOutOfBoundsException: Index 1 out of bounds for length 1
	at java.base/jdk.internal.util.Preconditions.outOfBounds(Preconditions.java:64)
	at java.base/jdk.internal.util.Preconditions.outOfBoundsCheckIndex(Preconditions.java:70)
	at java.base/jdk.internal.util.Preconditions.checkIndex(Preconditions.java:266)
	at java.base/java.util.Objects.checkIndex(Objects.java:359)
	at java.base/java.util.ArrayList.get(ArrayList.java:427)
	at stepDefinition.D07_followUsStepDef.Rss(D07_followUsStepDef.java:33)
	at âœ½.User click on rss link(file:///D:/Auto]]></system-out>
    <system-err><![CDATA[Starting ChromeDriver 101.0.4951.41 (93c720db8323b3ec10d056025ab95c23a31997c9-refs/branch-heads/4951@{#904}) on port 61018
Only local connections are allowed.
Please see https://chromedriver.chromium.org/security-considerations for suggestions on keeping ChromeDriver safe.
ChromeDriver was started successfully.
May 24, 2022 10:34:52 PM org.openqa.selenium.remote.ProtocolHandshake createSession
INFO: Detected dialect: W3C
May 24, 2022 10:34:52 PM org.openqa.selenium.devtools.CdpVersionFinder findNearestMatch
INFO: Found exact CDP implementation for version 101
]]></system-err>
  </testcase>
  <testcase name="runScenario[&quot;user opens youtube link&quot;, &quot;User can Follow the website pages on social media&quot;](11)" classname="testRunner.runner" time="50.523">
    <system-err><![CDATA[Starting ChromeDriver 101.0.4951.41 (93c720db8323b3ec10d056025ab95c23a31997c9-refs/branch-heads/4951@{#904}) on port 62882
Only local connections are allowed.
Please see https://chromedriver.chromium.org/security-considerations for suggestions on keeping ChromeDriver safe.
ChromeDriver was started successfully.
May 24, 2022 10:35:05 PM org.openqa.selenium.remote.ProtocolHandshake createSession
INFO: Detected dialect: W3C
May 24, 2022 10:35:05 PM org.openqa.selenium.devtools.CdpVersionFinder findNearestMatch
INFO: Found exact CDP implementation for version 101
]]></system-err>
  </testcase>
  <testcase name="runScenario[&quot;user adds products to cart&quot;, &quot;User can add products to cart&quot;](13)" classname="testRunner.runner" time="42.907">
    <system-err><![CDATA[Starting ChromeDriver 101.0.4951.41 (93c720db8323b3ec10d056025ab95c23a31997c9-refs/branch-heads/4951@{#904}) on port 51972
Only local connections are allowed.
Please see https://chromedriver.chromium.org/security-considerations for suggestions on keeping ChromeDriver safe.
ChromeDriver was started successfully.
May 24, 2022 10:35:56 PM org.openqa.selenium.remote.ProtocolHandshake createSession
INFO: Detected dialect: W3C
May 24, 2022 10:35:56 PM org.openqa.selenium.devtools.CdpVersionFinder findNearestMatch
INFO: Found exact CDP implementation for version 101
Starting ChromeDriver 101.0.4951.41 (93c720db8323b3ec10d056025ab95c23a31997c9-refs/branch-heads/4951@{#904}) on port 59304
Only local connections are allowed.
Please see https://chromedriver.chromium.org/security-considerations for suggestions on keeping ChromeDriver safe.
ChromeDriver was started successfully.
May 24, 2022 10:36:11 PM org.openqa.selenium.remote.ProtocolHandshake createSession
INFO: Detected dialect: W3C
May 24, 2022 10:36:11 PM org.openqa.selenium.devtools.CdpVersionFinder findNearestMatch
INFO: Found exact CDP implementation for version 101
]]></system-err>
  </testcase>
</testsuite>